<?xml version="1.0" encoding="UTF-8"?>
<testng-results ignored="0" total="1" passed="1" failed="0" skipped="0">
  <reporter-output>
  </reporter-output>
  <suite started-at="2025-12-23T22:52:16 IST" name="Suite" finished-at="2025-12-23T22:52:24 IST" duration-ms="7358">
    <groups>
    </groups>
    <test started-at="2025-12-23T22:52:16 IST" name="Test" finished-at="2025-12-23T22:52:24 IST" duration-ms="7358">
      <class name="testCases.TC002_LoginTest">
        <test-method is-config="true" signature="setup(java.lang.String,java.lang.String)[pri:0, instance:testCases.TC002_LoginTest@7a560583]" started-at="2025-12-23T22:52:16 IST" name="setup" finished-at="2025-12-23T22:52:21 IST" duration-ms="4482" status="PASS">
          <params>
            <param index="0">
              <value>
                <![CDATA[window]]>
              </value>
            </param>
            <param index="1">
              <value>
                <![CDATA[chrome]]>
              </value>
            </param>
          </params>
          <reporter-output>
          </reporter-output>
        </test-method> <!-- setup -->
        <test-method signature="verify_login()[pri:0, instance:testCases.TC002_LoginTest@7a560583]" started-at="2025-12-23T22:52:21 IST" name="verify_login" finished-at="2025-12-23T22:52:22 IST" duration-ms="647" status="PASS">
          <reporter-output>
          </reporter-output>
        </test-method> <!-- verify_login -->
        <test-method is-config="true" signature="teardown()[pri:0, instance:testCases.TC002_LoginTest@7a560583]" started-at="2025-12-23T22:52:22 IST" name="teardown" finished-at="2025-12-23T22:52:24 IST" duration-ms="2198" status="PASS">
          <reporter-output>
          </reporter-output>
        </test-method> <!-- teardown -->
      </class> <!-- testCases.TC002_LoginTest -->
    </test> <!-- Test -->
  </suite> <!-- Suite -->
</testng-results>
